20:03:49 | INFO    | [1/5] Loading vit_b_16 (pretrained)...
20:04:49 | INFO    | [2/5] Extracting weights and computing k_l per layer...
20:04:59 | INFO    |       38 weight matrices extracted
20:04:59 | INFO    | [3/5] Grouping layers by input dimension...
20:04:59 | INFO    |       2 shareable groups (input-dim shared by >1 layer)
20:04:59 | INFO    |       d=768  : 26 layers  -> ['conv_proj', 'encoder.layers.encoder_layer_0.self_attention.out_proj', 'encoder.layers.encoder_layer_0.mlp.0', 'encoder.layers.encoder_layer_1.self_attention.out_proj', 'encoder.layers.encoder_layer_1.mlp.0', 'encoder.layers.encoder_layer_2.self_attention.out_proj', 'encoder.layers.encoder_layer_2.mlp.0', 'encoder.layers.encoder_layer_3.self_attention.out_proj', 'encoder.layers.encoder_layer_3.mlp.0', 'encoder.layers.encoder_layer_4.self_attention.out_proj', 'encoder.layers.encoder_layer_4.mlp.0', 'encoder.layers.encoder_layer_5.self_attention.out_proj', 'encoder.layers.encoder_layer_5.mlp.0', 'encoder.layers.encoder_layer_6.self_attention.out_proj', 'encoder.layers.encoder_layer_6.mlp.0', 'encoder.layers.encoder_layer_7.self_attention.out_proj', 'encoder.layers.encoder_layer_7.mlp.0', 'encoder.layers.encoder_layer_8.self_attention.out_proj', 'encoder.layers.encoder_layer_8.mlp.0', 'encoder.layers.encoder_layer_9.self_attention.out_proj', 'encoder.layers.encoder_layer_9.mlp.0', 'encoder.layers.encoder_layer_10.self_attention.out_proj', 'encoder.layers.encoder_layer_10.mlp.0', 'encoder.layers.encoder_layer_11.self_attention.out_proj', 'encoder.layers.encoder_layer_11.mlp.0', 'heads.head']
20:04:59 | INFO    |       d=3072 : 12 layers  -> ['encoder.layers.encoder_layer_0.mlp.3', 'encoder.layers.encoder_layer_1.mlp.3', 'encoder.layers.encoder_layer_2.mlp.3', 'encoder.layers.encoder_layer_3.mlp.3', 'encoder.layers.encoder_layer_4.mlp.3', 'encoder.layers.encoder_layer_5.mlp.3', 'encoder.layers.encoder_layer_6.mlp.3', 'encoder.layers.encoder_layer_7.mlp.3', 'encoder.layers.encoder_layer_8.mlp.3', 'encoder.layers.encoder_layer_9.mlp.3', 'encoder.layers.encoder_layer_10.mlp.3', 'encoder.layers.encoder_layer_11.mlp.3']
20:04:59 | INFO    | [4/5] Building global basis per group and measuring ratios...
20:04:59 | INFO    |   Group d=768:
20:05:06 | INFO    |     FAIL conv_proj                              k_l=  85  ratio=2.7193
20:05:06 | INFO    |     FAIL encoder.layers.encoder_layer_0.self_attention.out_proj k_l= 220  ratio=2.3956
20:05:07 | INFO    |     FAIL encoder.layers.encoder_layer_0.mlp.0   k_l= 246  ratio=2.1270
20:05:07 | INFO    |     FAIL encoder.layers.encoder_layer_1.self_attention.out_proj k_l= 201  ratio=2.4563
20:05:08 | INFO    |     FAIL encoder.layers.encoder_layer_1.mlp.0   k_l= 144  ratio=1.8170
20:05:08 | INFO    |     FAIL encoder.layers.encoder_layer_2.self_attention.out_proj k_l= 251  ratio=2.3922
20:05:08 | INFO    |     FAIL encoder.layers.encoder_layer_2.mlp.0   k_l= 166  ratio=1.7534
20:05:09 | INFO    |     FAIL encoder.layers.encoder_layer_3.self_attention.out_proj k_l= 233  ratio=2.3817
20:05:09 | INFO    |     FAIL encoder.layers.encoder_layer_3.mlp.0   k_l= 245  ratio=1.8121
20:05:09 | INFO    |     FAIL encoder.layers.encoder_layer_4.self_attention.out_proj k_l= 213  ratio=2.4038
20:05:10 | INFO    |     FAIL encoder.layers.encoder_layer_4.mlp.0   k_l= 310  ratio=1.7490
20:05:10 | INFO    |     FAIL encoder.layers.encoder_layer_5.self_attention.out_proj k_l= 221  ratio=2.3897
20:05:10 | INFO    |     FAIL encoder.layers.encoder_layer_5.mlp.0   k_l= 341  ratio=1.7273
20:05:11 | INFO    |     FAIL encoder.layers.encoder_layer_6.self_attention.out_proj k_l= 244  ratio=2.3686
20:05:11 | INFO    |     FAIL encoder.layers.encoder_layer_6.mlp.0   k_l= 350  ratio=1.6980
20:05:11 | INFO    |     FAIL encoder.layers.encoder_layer_7.self_attention.out_proj k_l= 310  ratio=2.2636
20:05:12 | INFO    |     FAIL encoder.layers.encoder_layer_7.mlp.0   k_l= 366  ratio=1.7101
20:05:12 | INFO    |     FAIL encoder.layers.encoder_layer_8.self_attention.out_proj k_l= 330  ratio=2.1908
20:05:12 | INFO    |     FAIL encoder.layers.encoder_layer_8.mlp.0   k_l= 386  ratio=1.6902
20:05:12 | INFO    |     FAIL encoder.layers.encoder_layer_9.self_attention.out_proj k_l= 351  ratio=2.1821
20:05:13 | INFO    |     FAIL encoder.layers.encoder_layer_9.mlp.0   k_l= 431  ratio=1.6870
20:05:13 | INFO    |     FAIL encoder.layers.encoder_layer_10.self_attention.out_proj k_l= 361  ratio=2.1672
20:05:14 | INFO    |     FAIL encoder.layers.encoder_layer_10.mlp.0  k_l= 476  ratio=1.6219
20:05:14 | INFO    |     FAIL encoder.layers.encoder_layer_11.self_attention.out_proj k_l= 351  ratio=2.1962
20:05:14 | INFO    |     FAIL encoder.layers.encoder_layer_11.mlp.0  k_l= 489  ratio=1.5932
20:05:15 | INFO    |     FAIL heads.head                             k_l= 502  ratio=1.6863
20:05:15 | INFO    |   Group d=3072:
20:05:39 | INFO    |     FAIL encoder.layers.encoder_layer_0.mlp.3   k_l= 242  ratio=2.4857
20:05:39 | INFO    |     FAIL encoder.layers.encoder_layer_1.mlp.3   k_l= 198  ratio=2.2656
20:05:40 | INFO    |     FAIL encoder.layers.encoder_layer_2.mlp.3   k_l= 250  ratio=2.3329
20:05:41 | INFO    |     FAIL encoder.layers.encoder_layer_3.mlp.3   k_l= 335  ratio=2.3458
20:05:41 | INFO    |     FAIL encoder.layers.encoder_layer_4.mlp.3   k_l= 377  ratio=2.4133
20:05:42 | INFO    |     FAIL encoder.layers.encoder_layer_5.mlp.3   k_l= 402  ratio=2.4475
20:05:42 | INFO    |     FAIL encoder.layers.encoder_layer_6.mlp.3   k_l= 419  ratio=2.5523
20:05:43 | INFO    |     FAIL encoder.layers.encoder_layer_7.mlp.3   k_l= 408  ratio=2.5894
20:05:44 | INFO    |     FAIL encoder.layers.encoder_layer_8.mlp.3   k_l= 387  ratio=2.5548
20:05:44 | INFO    |     FAIL encoder.layers.encoder_layer_9.mlp.3   k_l= 493  ratio=2.5784
20:05:45 | INFO    |     FAIL encoder.layers.encoder_layer_10.mlp.3  k_l= 534  ratio=2.6254
20:05:45 | INFO    |     FAIL encoder.layers.encoder_layer_11.mlp.3  k_l= 439  ratio=2.5008
20:05:46 | INFO    | [5/5] Testing nesting hypothesis on largest group...
