20:03:10 | INFO    | [1/5] Loading densenet121 (pretrained)...
20:03:16 | INFO    | [2/5] Extracting weights and computing k_l per layer...
20:03:17 | INFO    |       121 weight matrices extracted
20:03:18 | INFO    | [3/5] Grouping layers by input dimension...
20:03:18 | INFO    |       30 shareable groups (input-dim shared by >1 layer)
20:03:18 | INFO    |       d=128  : 2 layers  -> ['features.denseblock1.denselayer3.conv1', 'features.denseblock2.denselayer1.conv1']
20:03:18 | INFO    |       d=160  : 2 layers  -> ['features.denseblock1.denselayer4.conv1', 'features.denseblock2.denselayer2.conv1']
20:03:18 | INFO    |       d=192  : 2 layers  -> ['features.denseblock1.denselayer5.conv1', 'features.denseblock2.denselayer3.conv1']
20:03:18 | INFO    |       d=224  : 2 layers  -> ['features.denseblock1.denselayer6.conv1', 'features.denseblock2.denselayer4.conv1']
20:03:18 | INFO    |       d=256  : 3 layers  -> ['features.transition1.conv', 'features.denseblock2.denselayer5.conv1', 'features.denseblock3.denselayer1.conv1']
20:03:18 | INFO    |       d=288  : 2 layers  -> ['features.denseblock2.denselayer6.conv1', 'features.denseblock3.denselayer2.conv1']
20:03:18 | INFO    |       d=320  : 2 layers  -> ['features.denseblock2.denselayer7.conv1', 'features.denseblock3.denselayer3.conv1']
20:03:18 | INFO    |       d=352  : 2 layers  -> ['features.denseblock2.denselayer8.conv1', 'features.denseblock3.denselayer4.conv1']
20:03:18 | INFO    |       d=384  : 2 layers  -> ['features.denseblock2.denselayer9.conv1', 'features.denseblock3.denselayer5.conv1']
20:03:18 | INFO    |       d=416  : 2 layers  -> ['features.denseblock2.denselayer10.conv1', 'features.denseblock3.denselayer6.conv1']
20:03:18 | INFO    |       d=448  : 2 layers  -> ['features.denseblock2.denselayer11.conv1', 'features.denseblock3.denselayer7.conv1']
20:03:18 | INFO    |       d=480  : 2 layers  -> ['features.denseblock2.denselayer12.conv1', 'features.denseblock3.denselayer8.conv1']
20:03:18 | INFO    |       d=512  : 3 layers  -> ['features.transition2.conv', 'features.denseblock3.denselayer9.conv1', 'features.denseblock4.denselayer1.conv1']
20:03:18 | INFO    |       d=544  : 2 layers  -> ['features.denseblock3.denselayer10.conv1', 'features.denseblock4.denselayer2.conv1']
20:03:18 | INFO    |       d=576  : 2 layers  -> ['features.denseblock3.denselayer11.conv1', 'features.denseblock4.denselayer3.conv1']
20:03:18 | INFO    |       d=608  : 2 layers  -> ['features.denseblock3.denselayer12.conv1', 'features.denseblock4.denselayer4.conv1']
20:03:18 | INFO    |       d=640  : 2 layers  -> ['features.denseblock3.denselayer13.conv1', 'features.denseblock4.denselayer5.conv1']
20:03:18 | INFO    |       d=672  : 2 layers  -> ['features.denseblock3.denselayer14.conv1', 'features.denseblock4.denselayer6.conv1']
20:03:18 | INFO    |       d=704  : 2 layers  -> ['features.denseblock3.denselayer15.conv1', 'features.denseblock4.denselayer7.conv1']
20:03:18 | INFO    |       d=736  : 2 layers  -> ['features.denseblock3.denselayer16.conv1', 'features.denseblock4.denselayer8.conv1']
20:03:18 | INFO    |       d=768  : 2 layers  -> ['features.denseblock3.denselayer17.conv1', 'features.denseblock4.denselayer9.conv1']
20:03:18 | INFO    |       d=800  : 2 layers  -> ['features.denseblock3.denselayer18.conv1', 'features.denseblock4.denselayer10.conv1']
20:03:18 | INFO    |       d=832  : 2 layers  -> ['features.denseblock3.denselayer19.conv1', 'features.denseblock4.denselayer11.conv1']
20:03:18 | INFO    |       d=864  : 2 layers  -> ['features.denseblock3.denselayer20.conv1', 'features.denseblock4.denselayer12.conv1']
20:03:18 | INFO    |       d=896  : 2 layers  -> ['features.denseblock3.denselayer21.conv1', 'features.denseblock4.denselayer13.conv1']
20:03:18 | INFO    |       d=928  : 2 layers  -> ['features.denseblock3.denselayer22.conv1', 'features.denseblock4.denselayer14.conv1']
20:03:18 | INFO    |       d=960  : 2 layers  -> ['features.denseblock3.denselayer23.conv1', 'features.denseblock4.denselayer15.conv1']
20:03:18 | INFO    |       d=992  : 2 layers  -> ['features.denseblock3.denselayer24.conv1', 'features.denseblock4.denselayer16.conv1']
20:03:18 | INFO    |       d=1024 : 2 layers  -> ['features.transition3.conv', 'classifier']
20:03:18 | INFO    |       d=1152 : 58 layers  -> ['features.denseblock1.denselayer1.conv2', 'features.denseblock1.denselayer2.conv2', 'features.denseblock1.denselayer3.conv2', 'features.denseblock1.denselayer4.conv2', 'features.denseblock1.denselayer5.conv2', 'features.denseblock1.denselayer6.conv2', 'features.denseblock2.denselayer1.conv2', 'features.denseblock2.denselayer2.conv2', 'features.denseblock2.denselayer3.conv2', 'features.denseblock2.denselayer4.conv2', 'features.denseblock2.denselayer5.conv2', 'features.denseblock2.denselayer6.conv2', 'features.denseblock2.denselayer7.conv2', 'features.denseblock2.denselayer8.conv2', 'features.denseblock2.denselayer9.conv2', 'features.denseblock2.denselayer10.conv2', 'features.denseblock2.denselayer11.conv2', 'features.denseblock2.denselayer12.conv2', 'features.denseblock3.denselayer1.conv2', 'features.denseblock3.denselayer2.conv2', 'features.denseblock3.denselayer3.conv2', 'features.denseblock3.denselayer4.conv2', 'features.denseblock3.denselayer5.conv2', 'features.denseblock3.denselayer6.conv2', 'features.denseblock3.denselayer7.conv2', 'features.denseblock3.denselayer8.conv2', 'features.denseblock3.denselayer9.conv2', 'features.denseblock3.denselayer10.conv2', 'features.denseblock3.denselayer11.conv2', 'features.denseblock3.denselayer12.conv2', 'features.denseblock3.denselayer13.conv2', 'features.denseblock3.denselayer14.conv2', 'features.denseblock3.denselayer15.conv2', 'features.denseblock3.denselayer16.conv2', 'features.denseblock3.denselayer17.conv2', 'features.denseblock3.denselayer18.conv2', 'features.denseblock3.denselayer19.conv2', 'features.denseblock3.denselayer20.conv2', 'features.denseblock3.denselayer21.conv2', 'features.denseblock3.denselayer22.conv2', 'features.denseblock3.denselayer23.conv2', 'features.denseblock3.denselayer24.conv2', 'features.denseblock4.denselayer1.conv2', 'features.denseblock4.denselayer2.conv2', 'features.denseblock4.denselayer3.conv2', 'features.denseblock4.denselayer4.conv2', 'features.denseblock4.denselayer5.conv2', 'features.denseblock4.denselayer6.conv2', 'features.denseblock4.denselayer7.conv2', 'features.denseblock4.denselayer8.conv2', 'features.denseblock4.denselayer9.conv2', 'features.denseblock4.denselayer10.conv2', 'features.denseblock4.denselayer11.conv2', 'features.denseblock4.denselayer12.conv2', 'features.denseblock4.denselayer13.conv2', 'features.denseblock4.denselayer14.conv2', 'features.denseblock4.denselayer15.conv2', 'features.denseblock4.denselayer16.conv2']
20:03:18 | INFO    | [4/5] Building global basis per group and measuring ratios...
20:03:18 | INFO    |   Group d=1152:
20:03:19 | INFO    |     FAIL features.denseblock1.denselayer1.conv2 k_l=  21  ratio=3.3329
20:03:19 | INFO    |     FAIL features.denseblock1.denselayer2.conv2 k_l=  23  ratio=3.2754
20:03:19 | INFO    |     FAIL features.denseblock1.denselayer3.conv2 k_l=  24  ratio=3.3291
20:03:19 | INFO    |     FAIL features.denseblock1.denselayer4.conv2 k_l=  25  ratio=3.2969
20:03:19 | INFO    |     FAIL features.denseblock1.denselayer5.conv2 k_l=  24  ratio=3.2324
20:03:19 | INFO    |     FAIL features.denseblock1.denselayer6.conv2 k_l=  26  ratio=3.1648
20:03:19 | INFO    |     FAIL features.denseblock2.denselayer1.conv2 k_l=  16  ratio=3.4012
20:03:19 | INFO    |     FAIL features.denseblock2.denselayer2.conv2 k_l=  23  ratio=3.1278
20:03:19 | INFO    |     FAIL features.denseblock2.denselayer3.conv2 k_l=  24  ratio=3.2277
20:03:19 | INFO    |     FAIL features.denseblock2.denselayer4.conv2 k_l=  25  ratio=3.3654
20:03:19 | INFO    |     FAIL features.denseblock2.denselayer5.conv2 k_l=  25  ratio=3.1970
20:03:19 | INFO    |     FAIL features.denseblock2.denselayer6.conv2 k_l=  24  ratio=3.2677
20:03:19 | INFO    |     FAIL features.denseblock2.denselayer7.conv2 k_l=  25  ratio=3.0961
20:03:19 | INFO    |     FAIL features.denseblock2.denselayer8.conv2 k_l=  25  ratio=3.2345
20:03:19 | INFO    |     FAIL features.denseblock2.denselayer9.conv2 k_l=  25  ratio=3.1373
20:03:19 | INFO    |     FAIL features.denseblock2.denselayer10.conv2 k_l=  27  ratio=3.1495
20:03:19 | INFO    |     FAIL features.denseblock2.denselayer11.conv2 k_l=  27  ratio=3.2293
20:03:19 | INFO    |     FAIL features.denseblock2.denselayer12.conv2 k_l=  27  ratio=3.1939
20:03:19 | INFO    |     FAIL features.denseblock3.denselayer1.conv2 k_l=  24  ratio=3.1966
20:03:19 | INFO    |     FAIL features.denseblock3.denselayer2.conv2 k_l=  23  ratio=3.0858
20:03:19 | INFO    |     FAIL features.denseblock3.denselayer3.conv2 k_l=  24  ratio=3.1178
20:03:19 | INFO    |     FAIL features.denseblock3.denselayer4.conv2 k_l=  25  ratio=3.2327
20:03:19 | INFO    |     FAIL features.denseblock3.denselayer5.conv2 k_l=  25  ratio=3.1015
20:03:19 | INFO    |     FAIL features.denseblock3.denselayer6.conv2 k_l=  26  ratio=3.2646
20:03:19 | INFO    |     FAIL features.denseblock3.denselayer7.conv2 k_l=  25  ratio=3.0860
20:03:19 | INFO    |     FAIL features.denseblock3.denselayer8.conv2 k_l=  26  ratio=3.1837
20:03:19 | INFO    |     FAIL features.denseblock3.denselayer9.conv2 k_l=  26  ratio=3.1451
20:03:19 | INFO    |     FAIL features.denseblock3.denselayer10.conv2 k_l=  25  ratio=3.2372
20:03:19 | INFO    |     FAIL features.denseblock3.denselayer11.conv2 k_l=  25  ratio=3.1760
20:03:19 | INFO    |     FAIL features.denseblock3.denselayer12.conv2 k_l=  26  ratio=3.2950
20:03:19 | INFO    |     FAIL features.denseblock3.denselayer13.conv2 k_l=  25  ratio=3.0796
20:03:19 | INFO    |     FAIL features.denseblock3.denselayer14.conv2 k_l=  25  ratio=3.0437
20:03:19 | INFO    |     FAIL features.denseblock3.denselayer15.conv2 k_l=  26  ratio=3.0808
20:03:19 | INFO    |     FAIL features.denseblock3.denselayer16.conv2 k_l=  26  ratio=2.9903
20:03:19 | INFO    |     FAIL features.denseblock3.denselayer17.conv2 k_l=  26  ratio=3.0923
20:03:19 | INFO    |     FAIL features.denseblock3.denselayer18.conv2 k_l=  25  ratio=2.9938
20:03:19 | INFO    |     FAIL features.denseblock3.denselayer19.conv2 k_l=  25  ratio=2.9213
20:03:19 | INFO    |     FAIL features.denseblock3.denselayer20.conv2 k_l=  27  ratio=3.2039
20:03:19 | INFO    |     FAIL features.denseblock3.denselayer21.conv2 k_l=  26  ratio=2.8996
20:03:19 | INFO    |     FAIL features.denseblock3.denselayer22.conv2 k_l=  25  ratio=2.8668
20:03:19 | INFO    |     FAIL features.denseblock3.denselayer23.conv2 k_l=  27  ratio=3.1192
20:03:19 | INFO    |     FAIL features.denseblock3.denselayer24.conv2 k_l=  27  ratio=3.0507
20:03:19 | INFO    |     FAIL features.denseblock4.denselayer1.conv2 k_l=  26  ratio=3.0255
20:03:19 | INFO    |     FAIL features.denseblock4.denselayer2.conv2 k_l=  26  ratio=2.8301
20:03:19 | INFO    |     FAIL features.denseblock4.denselayer3.conv2 k_l=  25  ratio=2.8832
20:03:19 | INFO    |     FAIL features.denseblock4.denselayer4.conv2 k_l=  25  ratio=2.8310
20:03:19 | INFO    |     FAIL features.denseblock4.denselayer5.conv2 k_l=  27  ratio=2.8931
20:03:19 | INFO    |     FAIL features.denseblock4.denselayer6.conv2 k_l=  26  ratio=2.8206
20:03:19 | INFO    |     FAIL features.denseblock4.denselayer7.conv2 k_l=  27  ratio=2.8947
20:03:19 | INFO    |     FAIL features.denseblock4.denselayer8.conv2 k_l=  27  ratio=2.8708
20:03:19 | INFO    |     FAIL features.denseblock4.denselayer9.conv2 k_l=  27  ratio=2.7738
20:03:19 | INFO    |     FAIL features.denseblock4.denselayer10.conv2 k_l=  27  ratio=2.7996
20:03:19 | INFO    |     FAIL features.denseblock4.denselayer11.conv2 k_l=  27  ratio=2.7591
20:03:19 | INFO    |     FAIL features.denseblock4.denselayer12.conv2 k_l=  27  ratio=2.7642
20:03:19 | INFO    |     FAIL features.denseblock4.denselayer13.conv2 k_l=  27  ratio=2.8365
20:03:19 | INFO    |     FAIL features.denseblock4.denselayer14.conv2 k_l=  27  ratio=2.8016
20:03:19 | INFO    |     FAIL features.denseblock4.denselayer15.conv2 k_l=  27  ratio=2.7287
20:03:19 | INFO    |     FAIL features.denseblock4.denselayer16.conv2 k_l=  27  ratio=2.8432
20:03:19 | INFO    |   Group d=128:
20:03:19 | INFO    |     WARN features.denseblock1.denselayer3.conv1 k_l=  42  ratio=1.3973
20:03:19 | INFO    |     FAIL features.denseblock2.denselayer1.conv1 k_l=  21  ratio=1.5542
20:03:19 | INFO    |   Group d=160:
20:03:19 | INFO    |     FAIL features.denseblock1.denselayer4.conv1 k_l=  42  ratio=1.5341
20:03:19 | INFO    |     FAIL features.denseblock2.denselayer2.conv1 k_l=  38  ratio=1.5674
20:03:19 | INFO    |   Group d=192:
20:03:19 | INFO    |     WARN features.denseblock1.denselayer5.conv1 k_l=  48  ratio=1.4900
20:03:19 | INFO    |     FAIL features.denseblock2.denselayer3.conv1 k_l=  43  ratio=1.5179
20:03:19 | INFO    |   Group d=224:
20:03:19 | INFO    |     FAIL features.denseblock1.denselayer6.conv1 k_l=  46  ratio=1.5290
20:03:19 | INFO    |     FAIL features.denseblock2.denselayer4.conv1 k_l=  54  ratio=1.5378
20:03:19 | INFO    |   Group d=256:
20:03:19 | INFO    |     FAIL features.transition1.conv              k_l=  56  ratio=1.9018
20:03:19 | INFO    |     FAIL features.denseblock2.denselayer5.conv1 k_l=  46  ratio=1.7826
20:03:19 | INFO    |     FAIL features.denseblock3.denselayer1.conv1 k_l=  56  ratio=1.8347
20:03:19 | INFO    |   Group d=288:
20:03:19 | INFO    |     FAIL features.denseblock2.denselayer6.conv1 k_l=  48  ratio=1.6029
20:03:19 | INFO    |     FAIL features.denseblock3.denselayer2.conv1 k_l=  56  ratio=1.5739
20:03:19 | INFO    |   Group d=320:
20:03:19 | INFO    |     FAIL features.denseblock2.denselayer7.conv1 k_l=  67  ratio=1.6179
20:03:19 | INFO    |     FAIL features.denseblock3.denselayer3.conv1 k_l=  67  ratio=1.6141
20:03:19 | INFO    |   Group d=352:
20:03:19 | INFO    |     FAIL features.denseblock2.denselayer8.conv1 k_l=  65  ratio=1.5878
20:03:19 | INFO    |     FAIL features.denseblock3.denselayer4.conv1 k_l=  67  ratio=1.5650
20:03:19 | INFO    |   Group d=384:
20:03:19 | INFO    |     FAIL features.denseblock2.denselayer9.conv1 k_l=  66  ratio=1.6107
20:03:19 | INFO    |     FAIL features.denseblock3.denselayer5.conv1 k_l=  66  ratio=1.6079
20:03:19 | INFO    |   Group d=416:
20:03:19 | INFO    |     FAIL features.denseblock2.denselayer10.conv1 k_l=  74  ratio=1.6030
20:03:19 | INFO    |     FAIL features.denseblock3.denselayer6.conv1 k_l=  72  ratio=1.6123
20:03:19 | INFO    |   Group d=448:
20:03:20 | INFO    |     FAIL features.denseblock2.denselayer11.conv1 k_l=  76  ratio=1.6158
20:03:20 | INFO    |     FAIL features.denseblock3.denselayer7.conv1 k_l=  63  ratio=1.6055
20:03:20 | INFO    |   Group d=480:
20:03:20 | INFO    |     FAIL features.denseblock2.denselayer12.conv1 k_l=  78  ratio=1.6605
20:03:20 | INFO    |     FAIL features.denseblock3.denselayer8.conv1 k_l=  79  ratio=1.6406
20:03:20 | INFO    |   Group d=512:
20:03:20 | INFO    |     FAIL features.transition2.conv              k_l= 140  ratio=1.9450
20:03:20 | INFO    |     FAIL features.denseblock3.denselayer9.conv1 k_l=  80  ratio=1.8496
20:03:20 | INFO    |     FAIL features.denseblock4.denselayer1.conv1 k_l=  90  ratio=1.9267
20:03:20 | INFO    |   Group d=544:
20:03:20 | INFO    |     FAIL features.denseblock3.denselayer10.conv1 k_l=  77  ratio=1.7159
20:03:20 | INFO    |     FAIL features.denseblock4.denselayer2.conv1 k_l=  91  ratio=1.7254
20:03:20 | INFO    |   Group d=576:
20:03:20 | INFO    |     FAIL features.denseblock3.denselayer11.conv1 k_l=  80  ratio=1.7148
20:03:20 | INFO    |     FAIL features.denseblock4.denselayer3.conv1 k_l=  91  ratio=1.7293
20:03:20 | INFO    |   Group d=608:
20:03:20 | INFO    |     FAIL features.denseblock3.denselayer12.conv1 k_l=  85  ratio=1.7455
20:03:20 | INFO    |     FAIL features.denseblock4.denselayer4.conv1 k_l=  90  ratio=1.7372
20:03:20 | INFO    |   Group d=640:
20:03:20 | INFO    |     FAIL features.denseblock3.denselayer13.conv1 k_l=  80  ratio=1.7334
20:03:20 | INFO    |     FAIL features.denseblock4.denselayer5.conv1 k_l=  91  ratio=1.7551
20:03:20 | INFO    |   Group d=672:
20:03:20 | INFO    |     FAIL features.denseblock3.denselayer14.conv1 k_l=  79  ratio=1.7361
20:03:20 | INFO    |     FAIL features.denseblock4.denselayer6.conv1 k_l=  90  ratio=1.7295
20:03:20 | INFO    |   Group d=704:
20:03:20 | INFO    |     FAIL features.denseblock3.denselayer15.conv1 k_l=  87  ratio=1.7962
20:03:20 | INFO    |     FAIL features.denseblock4.denselayer7.conv1 k_l=  90  ratio=1.7875
20:03:20 | INFO    |   Group d=736:
20:03:21 | INFO    |     FAIL features.denseblock3.denselayer16.conv1 k_l=  87  ratio=1.7787
20:03:21 | INFO    |     FAIL features.denseblock4.denselayer8.conv1 k_l=  92  ratio=1.8017
20:03:21 | INFO    |   Group d=768:
20:03:21 | INFO    |     FAIL features.denseblock3.denselayer17.conv1 k_l=  88  ratio=1.7933
20:03:21 | INFO    |     FAIL features.denseblock4.denselayer9.conv1 k_l=  91  ratio=1.7381
20:03:21 | INFO    |   Group d=800:
20:03:21 | INFO    |     FAIL features.denseblock3.denselayer18.conv1 k_l=  89  ratio=1.8214
20:03:21 | INFO    |     FAIL features.denseblock4.denselayer10.conv1 k_l=  91  ratio=1.8219
20:03:21 | INFO    |   Group d=832:
20:03:21 | INFO    |     FAIL features.denseblock3.denselayer19.conv1 k_l=  90  ratio=1.8223
20:03:21 | INFO    |     FAIL features.denseblock4.denselayer11.conv1 k_l=  91  ratio=1.7806
20:03:21 | INFO    |   Group d=864:
20:03:21 | INFO    |     FAIL features.denseblock3.denselayer20.conv1 k_l=  91  ratio=1.8122
20:03:21 | INFO    |     FAIL features.denseblock4.denselayer12.conv1 k_l=  92  ratio=1.8284
20:03:21 | INFO    |   Group d=896:
20:03:21 | INFO    |     FAIL features.denseblock3.denselayer21.conv1 k_l=  92  ratio=1.8421
20:03:21 | INFO    |     FAIL features.denseblock4.denselayer13.conv1 k_l=  91  ratio=1.8130
20:03:21 | INFO    |   Group d=928:
20:03:21 | INFO    |     FAIL features.denseblock3.denselayer22.conv1 k_l=  89  ratio=1.8125
20:03:21 | INFO    |     FAIL features.denseblock4.denselayer14.conv1 k_l=  92  ratio=1.7781
20:03:21 | INFO    |   Group d=960:
20:03:21 | INFO    |     FAIL features.denseblock3.denselayer23.conv1 k_l=  93  ratio=1.8466
20:03:21 | INFO    |     FAIL features.denseblock4.denselayer15.conv1 k_l=  92  ratio=1.8486
20:03:21 | INFO    |   Group d=992:
20:03:21 | INFO    |     FAIL features.denseblock3.denselayer24.conv1 k_l=  93  ratio=1.8602
20:03:21 | INFO    |     FAIL features.denseblock4.denselayer16.conv1 k_l=  93  ratio=1.8371
20:03:21 | INFO    |   Group d=1024:
20:03:22 | INFO    |     FAIL features.transition3.conv              k_l= 276  ratio=1.5183
20:03:23 | INFO    |     FAIL classifier                             k_l= 273  ratio=1.5454
20:03:24 | INFO    | [5/5] Testing nesting hypothesis on largest group...
